# JRE version: Java(TM) SE Runtime Environment (7.0_71-b14) (build 1.7.0_71-b14)
# Java VM: Java HotSpot(TM) 64-Bit Server VM (24.71-b01 mixed mode bsd-amd64 compressed oops)
Heap
 PSYoungGen      total 518656K, used 30701K [0x00000007d5500000, 0x00000007f9a80000, 0x0000000800000000)
  eden space 501760K, 2% used [0x00000007d5500000,0x00000007d629ddf8,0x00000007f3f00000)
  from space 16896K, 99% used [0x00000007f8a00000,0x00000007f9a5d990,0x00000007f9a80000)
  to   space 44032K, 0% used [0x00000007f4480000,0x00000007f4480000,0x00000007f6f80000)
 ParOldGen       total 139776K, used 66965K [0x0000000780000000, 0x0000000788880000, 0x00000007d5500000)
  object space 139776K, 47% used [0x0000000780000000,0x0000000784165760,0x0000000788880000)
 PSPermGen       total 83968K, used 76795K [0x000000077ae00000, 0x0000000780000000, 0x0000000780000000)
  object space 83968K, 91% used [0x000000077ae00000,0x000000077f8fee18,0x0000000780000000)
GC Heap History (10 events):
Event: 2325.293 GC heap before
{Heap before GC invocations=13 (full 1):
 PSYoungGen      total 607744K, used 607705K [0x00000007d5500000, 0x0000000800000000, 0x0000000800000000)
  eden space 606208K, 100% used [0x00000007d5500000,0x00000007fa500000,0x00000007fa500000)
  from space 1536K, 97% used [0x00000007fa500000,0x00000007fa6767e8,0x00000007fa680000)
  to   space 47104K, 0% used [0x00000007fd200000,0x00000007fd200000,0x0000000800000000)
 ParOldGen       total 139776K, used 66957K [0x0000000780000000, 0x0000000788880000, 0x00000007d5500000)
  object space 139776K, 47% used [0x0000000780000000,0x0000000784163760,0x0000000788880000)
 PSPermGen       total 83968K, used 65957K [0x000000077ae00000, 0x0000000780000000, 0x0000000780000000)
  object space 83968K, 78% used [0x000000077ae00000,0x000000077ee69698,0x0000000780000000)
Event: 2325.328 GC heap after
Heap after GC invocations=13 (full 1):
 PSYoungGen      total 651264K, used 1226K [0x00000007d5500000, 0x0000000800000000, 0x0000000800000000)
  eden space 604160K, 0% used [0x00000007d5500000,0x00000007d5500000,0x00000007fa300000)
  from space 47104K, 2% used [0x00000007fd200000,0x00000007fd3329d0,0x0000000800000000)
  to   space 47616K, 0% used [0x00000007fa300000,0x00000007fa300000,0x00000007fd180000)
 ParOldGen       total 139776K, used 66957K [0x0000000780000000, 0x0000000788880000, 0x00000007d5500000)
  object space 139776K, 47% used [0x0000000780000000,0x0000000784163760,0x0000000788880000)
 PSPermGen       total 83968K, used 65957K [0x000000077ae00000, 0x0000000780000000, 0x0000000780000000)
  object space 83968K, 78% used [0x000000077ae00000,0x000000077ee69698,0x0000000780000000)
}
Event: 3999.056 GC heap before
{Heap before GC invocations=14 (full 1):
 PSYoungGen      total 651264K, used 605386K [0x00000007d5500000, 0x0000000800000000, 0x0000000800000000)
  eden space 604160K, 100% used [0x00000007d5500000,0x00000007fa300000,0x00000007fa300000)
  from space 47104K, 2% used [0x00000007fd200000,0x00000007fd3329d0,0x0000000800000000)
  to   space 47616K, 0% used [0x00000007fa300000,0x00000007fa300000,0x00000007fd180000)
 ParOldGen       total 139776K, used 66957K [0x0000000780000000, 0x0000000788880000, 0x00000007d5500000)
  object space 139776K, 47% used [0x0000000780000000,0x0000000784163760,0x0000000788880000)
 PSPermGen       total 83968K, used 65969K [0x000000077ae00000, 0x0000000780000000, 0x0000000780000000)
  object space 83968K, 78% used [0x000000077ae00000,0x000000077ee6c4a0,0x0000000780000000)
Event: 3999.063 GC heap after
Heap after GC invocations=14 (full 1):
 PSYoungGen      total 577536K, used 976K [0x00000007d5500000, 0x00000007fe400000, 0x0000000800000000)
  eden space 576512K, 0% used [0x00000007d5500000,0x00000007d5500000,0x00000007f8800000)
  from space 1024K, 95% used [0x00000007fa300000,0x00000007fa3f4050,0x00000007fa400000)
  to   space 47104K, 0% used [0x00000007fb600000,0x00000007fb600000,0x00000007fe400000)
 ParOldGen       total 139776K, used 66957K [0x0000000780000000, 0x0000000788880000, 0x00000007d5500000)
  object space 139776K, 47% used [0x0000000780000000,0x0000000784163760,0x0000000788880000)
 PSPermGen       total 83968K, used 65969K [0x000000077ae00000, 0x0000000780000000, 0x0000000780000000)
  object space 83968K, 78% used [0x000000077ae00000,0x000000077ee6c4a0,0x0000000780000000)
}
Event: 6742.043 GC heap before
{Heap before GC invocations=15 (full 1):
 PSYoungGen      total 577536K, used 577488K [0x00000007d5500000, 0x00000007fe400000, 0x0000000800000000)
  eden space 576512K, 100% used [0x00000007d5500000,0x00000007f8800000,0x00000007f8800000)
  from space 1024K, 95% used [0x00000007fa300000,0x00000007fa3f4050,0x00000007fa400000)
  to   space 47104K, 0% used [0x00000007fb600000,0x00000007fb600000,0x00000007fe400000)
 ParOldGen       total 139776K, used 66957K [0x0000000780000000, 0x0000000788880000, 0x00000007d5500000)
  object space 139776K, 47% used [0x0000000780000000,0x0000000784163760,0x0000000788880000)
 PSPermGen       total 83968K, used 65979K [0x000000077ae00000, 0x0000000780000000, 0x0000000780000000)
  object space 83968K, 78% used [0x000000077ae00000,0x000000077ee6eef0,0x0000000780000000)
Event: 6742.047 GC heap after
Heap after GC invocations=15 (full 1):
 PSYoungGen      total 570368K, used 1056K [0x00000007d5500000, 0x00000007fc980000, 0x0000000800000000)
  eden space 550400K, 0% used [0x00000007d5500000,0x00000007d5500000,0x00000007f6e80000)
  from space 19968K, 5% used [0x00000007fb600000,0x00000007fb708040,0x00000007fc980000)
  to   space 46592K, 0% used [0x00000007f6e80000,0x00000007f6e80000,0x00000007f9c00000)
 ParOldGen       total 139776K, used 66957K [0x0000000780000000, 0x0000000788880000, 0x00000007d5500000)
  object space 139776K, 47% used [0x0000000780000000,0x0000000784163760,0x0000000788880000)
 PSPermGen       total 83968K, used 65979K [0x000000077ae00000, 0x0000000780000000, 0x0000000780000000)
  object space 83968K, 78% used [0x000000077ae00000,0x000000077ee6eef0,0x0000000780000000)
}
Event: 8845.030 GC heap before
{Heap before GC invocations=16 (full 1):
 PSYoungGen      total 570368K, used 551456K [0x00000007d5500000, 0x00000007fc980000, 0x0000000800000000)
  eden space 550400K, 100% used [0x00000007d5500000,0x00000007f6e80000,0x00000007f6e80000)
  from space 19968K, 5% used [0x00000007fb600000,0x00000007fb708040,0x00000007fc980000)
  to   space 46592K, 0% used [0x00000007f6e80000,0x00000007f6e80000,0x00000007f9c00000)
 ParOldGen       total 139776K, used 66957K [0x0000000780000000, 0x0000000788880000, 0x00000007d5500000)
  object space 139776K, 47% used [0x0000000780000000,0x0000000784163760,0x0000000788880000)
 PSPermGen       total 83968K, used 65979K [0x000000077ae00000, 0x0000000780000000, 0x0000000780000000)
  object space 83968K, 78% used [0x000000077ae00000,0x000000077ee6eef0,0x0000000780000000)
Event: 8845.062 GC heap after
Heap after GC invocations=16 (full 1):
 PSYoungGen      total 526336K, used 960K [0x00000007d5500000, 0x00000007fb680000, 0x0000000800000000)
  eden space 525312K, 0% used [0x00000007d5500000,0x00000007d5500000,0x00000007f5600000)
  from space 1024K, 93% used [0x00000007f6e80000,0x00000007f6f70040,0x00000007f6f80000)
  to   space 45568K, 0% used [0x00000007f8a00000,0x00000007f8a00000,0x00000007fb680000)
 ParOldGen       total 139776K, used 66965K [0x0000000780000000, 0x0000000788880000, 0x00000007d5500000)
  object space 139776K, 47% used [0x0000000780000000,0x0000000784165760,0x0000000788880000)
 PSPermGen       total 83968K, used 65979K [0x000000077ae00000, 0x0000000780000000, 0x0000000780000000)
  object space 83968K, 78% used [0x000000077ae00000,0x000000077ee6eef0,0x0000000780000000)
}
Event: 9838.232 GC heap before
{Heap before GC invocations=17 (full 1):
 PSYoungGen      total 526336K, used 526272K [0x00000007d5500000, 0x00000007fb680000, 0x0000000800000000)
  eden space 525312K, 100% used [0x00000007d5500000,0x00000007f5600000,0x00000007f5600000)
  from space 1024K, 93% used [0x00000007f6e80000,0x00000007f6f70040,0x00000007f6f80000)
  to   space 45568K, 0% used [0x00000007f8a00000,0x00000007f8a00000,0x00000007fb680000)
 ParOldGen       total 139776K, used 66965K [0x0000000780000000, 0x0000000788880000, 0x00000007d5500000)
  object space 139776K, 47% used [0x0000000780000000,0x0000000784165760,0x0000000788880000)
 PSPermGen       total 83968K, used 75924K [0x000000077ae00000, 0x0000000780000000, 0x0000000780000000)
  object space 83968K, 90% used [0x000000077ae00000,0x000000077f825200,0x0000000780000000)
Event: 9838.311 GC heap after
Heap after GC invocations=17 (full 1):
 PSYoungGen      total 518656K, used 16758K [0x00000007d5500000, 0x00000007f9a80000, 0x0000000800000000)
  eden space 501760K, 0% used [0x00000007d5500000,0x00000007d5500000,0x00000007f3f00000)
  from space 16896K, 99% used [0x00000007f8a00000,0x00000007f9a5d990,0x00000007f9a80000)
  to   space 44032K, 0% used [0x00000007f4480000,0x00000007f4480000,0x00000007f6f80000)
 ParOldGen       total 139776K, used 66965K [0x0000000780000000, 0x0000000788880000, 0x00000007d5500000)
  object space 139776K, 47% used [0x0000000780000000,0x0000000784165760,0x0000000788880000)
 PSPermGen       total 83968K, used 75924K [0x000000077ae00000, 0x0000000780000000, 0x0000000780000000)
  object space 83968K, 90% used [0x000000077ae00000,0x000000077f825200,0x0000000780000000)
}

